<?xml version="1.0" encoding="UTF-8"?>
<!-- Generated by org.testng.reporters.JUnitReportReporter -->
<testsuite hostname="LAPTOP-35B7MCU5" failures="0" tests="4" name="com.qa.democart.test.LoginPageTest" time="7.650" errors="0" timestamp="2022-01-29T21:20:39 GMT" skipped="0">
  <testcase classname="com.qa.democart.test.LoginPageTest" name="loginPageTitleTest" time="0.201"/>
  <system-out/>
  <testcase classname="com.qa.democart.test.LoginPageTest" name="loginPageHeaderTest" time="1.194"/>
  <system-out/>
  <testcase classname="com.qa.democart.test.LoginPageTest" name="forgotPwdTest" time="0.985"/>
  <system-out/>
  <testcase classname="com.qa.democart.test.LoginPageTest" name="loginTest" time="5.270"/>
  <system-out/>
</testsuite> <!-- com.qa.democart.test.LoginPageTest -->
