<?xml version="1.0" encoding="UTF-8"?>
<!-- Generated by org.testng.reporters.JUnitReportReporter -->
<testsuite hostname="LAPTOP-35B7MCU5" failures="0" tests="10" name="com.qa.democart.test.AccountPageTest" time="27.139" errors="0" timestamp="2022-01-29T21:20:39 GMT" skipped="0">
  <testcase classname="com.qa.democart.test.AccountPageTest" name="accPageTitleTest" time="0.026"/>
  <system-out/>
  <testcase classname="com.qa.democart.test.AccountPageTest" name="accPageHeaderTest" time="0.898"/>
  <system-out/>
  <testcase classname="com.qa.democart.test.AccountPageTest" name="accSectionsTest" time="0.091"/>
  <system-out/>
  <testcase classname="com.qa.democart.test.AccountPageTest" name="logoutLinkExistTest" time="0.862"/>
  <system-out/>
  <testcase classname="com.qa.democart.test.AccountPageTest" name="searchTest" time="3.488"/>
  <system-out/>
  <testcase classname="com.qa.democart.test.AccountPageTest" name="searchTest" time="3.403"/>
  <system-out/>
  <testcase classname="com.qa.democart.test.AccountPageTest" name="searchTest" time="3.555"/>
  <system-out/>
  <testcase classname="com.qa.democart.test.AccountPageTest" name="selectProductTest" time="5.674"/>
  <system-out/>
  <testcase classname="com.qa.democart.test.AccountPageTest" name="selectProductTest" time="4.610"/>
  <system-out/>
  <testcase classname="com.qa.democart.test.AccountPageTest" name="selectProductTest" time="4.532"/>
  <system-out/>
</testsuite> <!-- com.qa.democart.test.AccountPageTest -->
