<?xml version="1.0" encoding="UTF-8"?>
<!-- Generated by org.testng.reporters.JUnitReportReporter -->
<testsuite hostname="LAPTOP-35B7MCU5" failures="0" tests="1" name="com.testcases.FirstTest" time="0.003" errors="0" timestamp="2022-01-15T11:29:26 GMT" skipped="0">
  <testcase classname="com.testcases.FirstTest" name="f" time="0.003"/>
  <system-out/>
</testsuite> <!-- com.testcases.FirstTest -->
